2021-02-06 14:26:59,994 INFO 10831 [egg-logrotator] app logger reload: got log-reload message
2021-02-06 14:43:55,973 INFO 11635 [egg:logger] init all loggers with options: {"dir":"/Users/shenyuxiaoyao/Desktop/project/react-blog-midlle/logs/bolg","encoding":"utf8","env":"local","level":"INFO","consoleLevel":"INFO","disableConsoleAfterReady":false,"outputJSON":false,"buffer":true,"appLogName":"bolg-web.log","coreLogName":"egg-web.log","agentLogName":"egg-agent.log","errorLogName":"common-error.log","coreLogger":{"consoleLevel":"WARN"},"allowDebugAtProd":false,"type":"application"}
2021-02-06 14:43:55,998 INFO 11635 [egg-multipart] stream mode enable
2021-02-06 14:43:55,998 INFO 11635 [egg-mysql] connecting root@localhost:3306/react_blog
2021-02-06 14:43:56,222 INFO 11635 [egg-static] starting static serve /public/ -> /Users/shenyuxiaoyao/Desktop/project/react-blog-midlle/app/public
2021-02-06 14:43:56,224 INFO 11635 [egg-security] use methodnoallow middleware
2021-02-06 14:43:56,225 INFO 11635 [egg-security] use noopen middleware
2021-02-06 14:43:56,226 INFO 11635 [egg-security] use nosniff middleware
2021-02-06 14:43:56,227 INFO 11635 [egg-security] use xssProtection middleware
2021-02-06 14:43:56,227 INFO 11635 [egg-security] use xframe middleware
2021-02-06 14:43:56,228 INFO 11635 [egg-security] use dta middleware
2021-02-06 14:43:56,228 INFO 11635 [egg-security] compose 6 middlewares into one security middleware
2021-02-06 14:43:56,261 INFO 11635 [egg:core] dump config after load, 23ms
2021-02-06 14:43:56,276 INFO 11635 [egg-watcher:application] watcher start success
2021-02-06 14:43:56,279 INFO 11635 [egg-mysql] instance[0] status OK, rds currentTime: Sat Feb 06 2021 14:43:56 GMT+0800 (GMT+08:00)
2021-02-06 14:43:56,286 INFO 11635 [egg:core] dump config after ready, 5ms
2021-02-06 14:45:07,123 INFO 11671 [egg:logger] init all loggers with options: {"dir":"/Users/shenyuxiaoyao/Desktop/project/react-blog-midlle/logs/bolg","encoding":"utf8","env":"local","level":"INFO","consoleLevel":"INFO","disableConsoleAfterReady":false,"outputJSON":false,"buffer":true,"appLogName":"bolg-web.log","coreLogName":"egg-web.log","agentLogName":"egg-agent.log","errorLogName":"common-error.log","coreLogger":{"consoleLevel":"WARN"},"allowDebugAtProd":false,"type":"application"}
2021-02-06 14:45:07,151 INFO 11671 [egg-multipart] stream mode enable
2021-02-06 14:45:07,152 INFO 11671 [egg-mysql] connecting root@localhost:3306/react_blog
2021-02-06 14:45:07,313 INFO 11671 [egg-static] starting static serve /public/ -> /Users/shenyuxiaoyao/Desktop/project/react-blog-midlle/app/public
2021-02-06 14:45:07,315 INFO 11671 [egg-security] use methodnoallow middleware
2021-02-06 14:45:07,316 INFO 11671 [egg-security] use noopen middleware
2021-02-06 14:45:07,317 INFO 11671 [egg-security] use nosniff middleware
2021-02-06 14:45:07,317 INFO 11671 [egg-security] use xssProtection middleware
2021-02-06 14:45:07,318 INFO 11671 [egg-security] use xframe middleware
2021-02-06 14:45:07,319 INFO 11671 [egg-security] use dta middleware
2021-02-06 14:45:07,319 INFO 11671 [egg-security] compose 6 middlewares into one security middleware
2021-02-06 14:45:07,332 INFO 11671 [egg:core] dump config after load, 5ms
2021-02-06 14:45:07,346 INFO 11671 [egg-watcher:application] watcher start success
2021-02-06 14:45:07,383 INFO 11671 [egg-mysql] instance[0] status OK, rds currentTime: Sat Feb 06 2021 14:45:07 GMT+0800 (GMT+08:00)
2021-02-06 14:45:07,389 INFO 11671 [egg:core] dump config after ready, 4ms
2021-02-06 14:45:22,125 INFO 11692 [egg:logger] init all loggers with options: {"dir":"/Users/shenyuxiaoyao/Desktop/project/react-blog-midlle/logs/bolg","encoding":"utf8","env":"local","level":"INFO","consoleLevel":"INFO","disableConsoleAfterReady":false,"outputJSON":false,"buffer":true,"appLogName":"bolg-web.log","coreLogName":"egg-web.log","agentLogName":"egg-agent.log","errorLogName":"common-error.log","coreLogger":{"consoleLevel":"WARN"},"allowDebugAtProd":false,"type":"application"}
2021-02-06 14:45:22,150 INFO 11692 [egg-multipart] stream mode enable
2021-02-06 14:45:22,150 INFO 11692 [egg-mysql] connecting root@localhost:3306/react_blog
2021-02-06 14:45:22,253 INFO 11692 [egg-static] starting static serve /public/ -> /Users/shenyuxiaoyao/Desktop/project/react-blog-midlle/app/public
2021-02-06 14:45:22,255 INFO 11692 [egg-security] use methodnoallow middleware
2021-02-06 14:45:22,255 INFO 11692 [egg-security] use noopen middleware
2021-02-06 14:45:22,255 INFO 11692 [egg-security] use nosniff middleware
2021-02-06 14:45:22,256 INFO 11692 [egg-security] use xssProtection middleware
2021-02-06 14:45:22,256 INFO 11692 [egg-security] use xframe middleware
2021-02-06 14:45:22,256 INFO 11692 [egg-security] use dta middleware
2021-02-06 14:45:22,256 INFO 11692 [egg-security] compose 6 middlewares into one security middleware
2021-02-06 14:45:22,265 INFO 11692 [egg:core] dump config after load, 4ms
2021-02-06 14:45:22,277 INFO 11692 [egg-watcher:application] watcher start success
2021-02-06 14:45:22,281 INFO 11692 [egg-mysql] instance[0] status OK, rds currentTime: Sat Feb 06 2021 14:45:22 GMT+0800 (GMT+08:00)
2021-02-06 14:45:22,287 INFO 11692 [egg:core] dump config after ready, 4ms
2021-02-06 14:56:06,134 INFO 11998 [egg:logger] init all loggers with options: {"dir":"/Users/shenyuxiaoyao/Desktop/project/react-blog-midlle/logs/bolg","encoding":"utf8","env":"local","level":"INFO","consoleLevel":"INFO","disableConsoleAfterReady":false,"outputJSON":false,"buffer":true,"appLogName":"bolg-web.log","coreLogName":"egg-web.log","agentLogName":"egg-agent.log","errorLogName":"common-error.log","coreLogger":{"consoleLevel":"WARN"},"allowDebugAtProd":false,"type":"application"}
2021-02-06 14:56:06,161 INFO 11998 [egg-multipart] stream mode enable
2021-02-06 14:56:06,161 INFO 11998 [egg-mysql] connecting root@localhost:3306/react_blog
2021-02-06 14:56:06,339 INFO 11998 [egg-static] starting static serve /public/ -> /Users/shenyuxiaoyao/Desktop/project/react-blog-midlle/app/public
2021-02-06 14:56:06,342 INFO 11998 [egg-security] use methodnoallow middleware
2021-02-06 14:56:06,343 INFO 11998 [egg-security] use noopen middleware
2021-02-06 14:56:06,344 INFO 11998 [egg-security] use nosniff middleware
2021-02-06 14:56:06,344 INFO 11998 [egg-security] use xssProtection middleware
2021-02-06 14:56:06,346 INFO 11998 [egg-security] use xframe middleware
2021-02-06 14:56:06,346 INFO 11998 [egg-security] use dta middleware
2021-02-06 14:56:06,346 INFO 11998 [egg-security] compose 6 middlewares into one security middleware
2021-02-06 14:56:06,365 INFO 11998 [egg:core] dump config after load, 7ms
2021-02-06 14:56:06,389 INFO 11998 [egg-watcher:application] watcher start success
2021-02-06 14:56:06,394 INFO 11998 [egg-mysql] instance[0] status OK, rds currentTime: Sat Feb 06 2021 14:56:06 GMT+0800 (GMT+08:00)
2021-02-06 14:56:06,404 INFO 11998 [egg:core] dump config after ready, 7ms
2021-02-06 14:58:48,612 INFO 12086 [egg:logger] init all loggers with options: {"dir":"/Users/shenyuxiaoyao/Desktop/project/react-blog-midlle/logs/bolg","encoding":"utf8","env":"local","level":"INFO","consoleLevel":"INFO","disableConsoleAfterReady":false,"outputJSON":false,"buffer":true,"appLogName":"bolg-web.log","coreLogName":"egg-web.log","agentLogName":"egg-agent.log","errorLogName":"common-error.log","coreLogger":{"consoleLevel":"WARN"},"allowDebugAtProd":false,"type":"application"}
2021-02-06 14:58:48,637 INFO 12086 [egg-multipart] stream mode enable
2021-02-06 14:58:48,638 INFO 12086 [egg-mysql] connecting root@localhost:3306/react_blog
2021-02-06 14:58:48,821 INFO 12086 [egg-static] starting static serve /public/ -> /Users/shenyuxiaoyao/Desktop/project/react-blog-midlle/app/public
2021-02-06 14:58:48,824 INFO 12086 [egg-security] use methodnoallow middleware
2021-02-06 14:58:48,825 INFO 12086 [egg-security] use noopen middleware
2021-02-06 14:58:48,826 INFO 12086 [egg-security] use nosniff middleware
2021-02-06 14:58:48,827 INFO 12086 [egg-security] use xssProtection middleware
2021-02-06 14:58:48,827 INFO 12086 [egg-security] use xframe middleware
2021-02-06 14:58:48,828 INFO 12086 [egg-security] use dta middleware
2021-02-06 14:58:48,828 INFO 12086 [egg-security] compose 6 middlewares into one security middleware
2021-02-06 14:58:48,844 INFO 12086 [egg:core] dump config after load, 5ms
2021-02-06 14:58:48,859 INFO 12086 [egg-watcher:application] watcher start success
2021-02-06 14:58:48,864 INFO 12086 [egg-mysql] instance[0] status OK, rds currentTime: Sat Feb 06 2021 14:58:48 GMT+0800 (GMT+08:00)
2021-02-06 14:58:48,870 INFO 12086 [egg:core] dump config after ready, 4ms
